<?xml version="1.0" encoding="UTF-8"?>
<!-- Generated by org.testng.reporters.JUnitReportReporter -->
<testsuite hostname="REEMA-TELTUMBADE" failures="0" tests="1" name="com.ts.package1.SalesTestCases" time="15.886" errors="0" timestamp="2022-12-24T18:01:49 IST" skipped="0">
  <testcase classname="com.ts.package1.SalesTestCases" name="submitButton_TC01" time="15.886"/>
  <system-out/>
</testsuite> <!-- com.ts.package1.SalesTestCases -->
