<?xml version="1.0" encoding="UTF-8"?>
<!-- Generated by org.testng.reporters.JUnitReportReporter -->
<testsuite hostname="REEMA-TELTUMBADE" failures="0" tests="1" name="com.ts.package3.GetCurrentURL" time="95.995" errors="0" timestamp="2023-01-03T15:21:56 IST" skipped="0">
  <testcase classname="com.ts.package3.GetCurrentURL" name="currentUrl" time="95.995"/>
  <system-out/>
</testsuite> <!-- com.ts.package3.GetCurrentURL -->
