<?xml version="1.0" encoding="UTF-8"?>
<!-- Generated by org.testng.reporters.JUnitReportReporter -->
<testsuite hostname="REEMA-TELTUMBADE" failures="0" tests="1" name="com.ts.package1.Configuration2" time="15.249" errors="0" timestamp="2022-12-24T17:48:31 IST" skipped="0">
  <testcase classname="com.ts.package1.Configuration2" name="managerLogin_Sales" time="15.249"/>
  <system-out/>
</testsuite> <!-- com.ts.package1.Configuration2 -->
