<?xml version="1.0" encoding="UTF-8"?>
<!-- Generated by org.testng.reporters.JUnitReportReporter -->
<testsuite hostname="REEMA-TELTUMBADE" failures="0" tests="1" name="com.ts.package1.Configuration" time="14.440" errors="0" timestamp="2022-12-24T12:47:05 IST" skipped="0">
  <testcase classname="com.ts.package1.Configuration" name="lauchUrl" time="14.440"/>
  <system-out/>
</testsuite> <!-- com.ts.package1.Configuration -->
