<?xml version="1.0" encoding="UTF-8"?>
<!-- Generated by org.testng.reporters.JUnitReportReporter -->
<testsuite hostname="REEMA-TELTUMBADE" failures="0" tests="3" name="com.ts.package2.SalesTestCases" time="27.683" errors="0" timestamp="2022-12-28T03:47:07 IST" skipped="2">
  <testcase classname="com.ts.package2.SalesTestCases" name="actionsButton" time="27.683"/>
  <system-out/>
  <testcase classname="com.ts.package2.SalesTestCases" name="showButton_TC02">
    <skipped/>
  </testcase> <!-- showButton_TC02 -->
  <system-out/>
  <testcase classname="com.ts.package2.SalesTestCases" name="searchBox">
    <skipped/>
  </testcase> <!-- searchBox -->
  <system-out/>
</testsuite> <!-- com.ts.package2.SalesTestCases -->
