<?xml version="1.0" encoding="UTF-8"?>
<!-- Generated by org.testng.reporters.JUnitReportReporter -->
<testsuite hostname="REEMA-TELTUMBADE" failures="0" tests="8" name="com.ts.package1.PaymentReceiptTestCases" time="84.399" errors="0" timestamp="2022-12-24T21:42:38 IST" skipped="6">
  <testcase classname="com.ts.package1.PaymentReceiptTestCases" name="allocatePayment_Yes_TC07" time="42.698"/>
  <system-out/>
  <testcase classname="com.ts.package1.PaymentReceiptTestCases" name="allocatePayment_No_TC08" time="41.701"/>
  <system-out/>
  <testcase classname="com.ts.package1.PaymentReceiptTestCases" name="payingBy_TC04">
    <skipped/>
  </testcase> <!-- payingBy_TC04 -->
  <system-out/>
  <testcase classname="com.ts.package1.PaymentReceiptTestCases" name="selectCustomer_TC01">
    <skipped/>
  </testcase> <!-- selectCustomer_TC01 -->
  <system-out/>
  <testcase classname="com.ts.package1.PaymentReceiptTestCases" name="reference_TC05">
    <skipped/>
  </testcase> <!-- reference_TC05 -->
  <system-out/>
  <testcase classname="com.ts.package1.PaymentReceiptTestCases" name="SelectDate_TC02">
    <skipped/>
  </testcase> <!-- SelectDate_TC02 -->
  <system-out/>
  <testcase classname="com.ts.package1.PaymentReceiptTestCases" name="submit_TC06">
    <skipped/>
  </testcase> <!-- submit_TC06 -->
  <system-out/>
  <testcase classname="com.ts.package1.PaymentReceiptTestCases" name="amount_TC03">
    <skipped/>
  </testcase> <!-- amount_TC03 -->
  <system-out/>
</testsuite> <!-- com.ts.package1.PaymentReceiptTestCases -->
